nohup: ignoring input
Device: cuda:0

==============================
        Fold 0
==============================
The number of labels: 16
False
Layer: embedding.layer_norm.gamma | Frozen: False
Layer: embedding.layer_norm.beta | Frozen: False
Layer: embedding.word.embedding.weight | Frozen: False
Layer: embedding.pos.embedding.weight | Frozen: False
Layer: embedding.seg.embedding.weight | Frozen: False
Layer: encoder.transformer.0.self_attn.linear_layers.0.weight | Frozen: False
Layer: encoder.transformer.0.self_attn.linear_layers.0.bias | Frozen: False
Layer: encoder.transformer.0.self_attn.linear_layers.1.weight | Frozen: False
Layer: encoder.transformer.0.self_attn.linear_layers.1.bias | Frozen: False
Layer: encoder.transformer.0.self_attn.linear_layers.2.weight | Frozen: False
Layer: encoder.transformer.0.self_attn.linear_layers.2.bias | Frozen: False
Layer: encoder.transformer.0.self_attn.final_linear.weight | Frozen: False
Layer: encoder.transformer.0.self_attn.final_linear.bias | Frozen: False
Layer: encoder.transformer.0.feed_forward.linear_1.weight | Frozen: False
Layer: encoder.transformer.0.feed_forward.linear_1.bias | Frozen: False
Layer: encoder.transformer.0.feed_forward.linear_2.weight | Frozen: False
Layer: encoder.transformer.0.feed_forward.linear_2.bias | Frozen: False
Layer: encoder.transformer.0.layer_norm_1.gamma | Frozen: False
Layer: encoder.transformer.0.layer_norm_1.beta | Frozen: False
Layer: encoder.transformer.0.layer_norm_2.gamma | Frozen: False
Layer: encoder.transformer.0.layer_norm_2.beta | Frozen: False
Layer: encoder.transformer.1.self_attn.linear_layers.0.weight | Frozen: False
Layer: encoder.transformer.1.self_attn.linear_layers.0.bias | Frozen: False
Layer: encoder.transformer.1.self_attn.linear_layers.1.weight | Frozen: False
Layer: encoder.transformer.1.self_attn.linear_layers.1.bias | Frozen: False
Layer: encoder.transformer.1.self_attn.linear_layers.2.weight | Frozen: False
Layer: encoder.transformer.1.self_attn.linear_layers.2.bias | Frozen: False
Layer: encoder.transformer.1.self_attn.final_linear.weight | Frozen: False
Layer: encoder.transformer.1.self_attn.final_linear.bias | Frozen: False
Layer: encoder.transformer.1.feed_forward.linear_1.weight | Frozen: False
Layer: encoder.transformer.1.feed_forward.linear_1.bias | Frozen: False
Layer: encoder.transformer.1.feed_forward.linear_2.weight | Frozen: False
Layer: encoder.transformer.1.feed_forward.linear_2.bias | Frozen: False
Layer: encoder.transformer.1.layer_norm_1.gamma | Frozen: False
Layer: encoder.transformer.1.layer_norm_1.beta | Frozen: False
Layer: encoder.transformer.1.layer_norm_2.gamma | Frozen: False
Layer: encoder.transformer.1.layer_norm_2.beta | Frozen: False
Layer: encoder.transformer.2.self_attn.linear_layers.0.weight | Frozen: False
Layer: encoder.transformer.2.self_attn.linear_layers.0.bias | Frozen: False
Layer: encoder.transformer.2.self_attn.linear_layers.1.weight | Frozen: False
Layer: encoder.transformer.2.self_attn.linear_layers.1.bias | Frozen: False
Layer: encoder.transformer.2.self_attn.linear_layers.2.weight | Frozen: False
Layer: encoder.transformer.2.self_attn.linear_layers.2.bias | Frozen: False
Layer: encoder.transformer.2.self_attn.final_linear.weight | Frozen: False
Layer: encoder.transformer.2.self_attn.final_linear.bias | Frozen: False
Layer: encoder.transformer.2.feed_forward.linear_1.weight | Frozen: False
Layer: encoder.transformer.2.feed_forward.linear_1.bias | Frozen: False
Layer: encoder.transformer.2.feed_forward.linear_2.weight | Frozen: False
Layer: encoder.transformer.2.feed_forward.linear_2.bias | Frozen: False
Layer: encoder.transformer.2.layer_norm_1.gamma | Frozen: False
Layer: encoder.transformer.2.layer_norm_1.beta | Frozen: False
Layer: encoder.transformer.2.layer_norm_2.gamma | Frozen: False
Layer: encoder.transformer.2.layer_norm_2.beta | Frozen: False
Layer: encoder.transformer.3.self_attn.linear_layers.0.weight | Frozen: False
Layer: encoder.transformer.3.self_attn.linear_layers.0.bias | Frozen: False
Layer: encoder.transformer.3.self_attn.linear_layers.1.weight | Frozen: False
Layer: encoder.transformer.3.self_attn.linear_layers.1.bias | Frozen: False
Layer: encoder.transformer.3.self_attn.linear_layers.2.weight | Frozen: False
Layer: encoder.transformer.3.self_attn.linear_layers.2.bias | Frozen: False
Layer: encoder.transformer.3.self_attn.final_linear.weight | Frozen: False
Layer: encoder.transformer.3.self_attn.final_linear.bias | Frozen: False
Layer: encoder.transformer.3.feed_forward.linear_1.weight | Frozen: False
Layer: encoder.transformer.3.feed_forward.linear_1.bias | Frozen: False
Layer: encoder.transformer.3.feed_forward.linear_2.weight | Frozen: False
Layer: encoder.transformer.3.feed_forward.linear_2.bias | Frozen: False
Layer: encoder.transformer.3.layer_norm_1.gamma | Frozen: False
Layer: encoder.transformer.3.layer_norm_1.beta | Frozen: False
Layer: encoder.transformer.3.layer_norm_2.gamma | Frozen: False
Layer: encoder.transformer.3.layer_norm_2.beta | Frozen: False
Layer: encoder.transformer.4.self_attn.linear_layers.0.weight | Frozen: False
Layer: encoder.transformer.4.self_attn.linear_layers.0.bias | Frozen: False
Layer: encoder.transformer.4.self_attn.linear_layers.1.weight | Frozen: False
Layer: encoder.transformer.4.self_attn.linear_layers.1.bias | Frozen: False
Layer: encoder.transformer.4.self_attn.linear_layers.2.weight | Frozen: False
Layer: encoder.transformer.4.self_attn.linear_layers.2.bias | Frozen: False
Layer: encoder.transformer.4.self_attn.final_linear.weight | Frozen: False
Layer: encoder.transformer.4.self_attn.final_linear.bias | Frozen: False
Layer: encoder.transformer.4.feed_forward.linear_1.weight | Frozen: False
Layer: encoder.transformer.4.feed_forward.linear_1.bias | Frozen: False
Layer: encoder.transformer.4.feed_forward.linear_2.weight | Frozen: False
Layer: encoder.transformer.4.feed_forward.linear_2.bias | Frozen: False
Layer: encoder.transformer.4.layer_norm_1.gamma | Frozen: False
Layer: encoder.transformer.4.layer_norm_1.beta | Frozen: False
Layer: encoder.transformer.4.layer_norm_2.gamma | Frozen: False
Layer: encoder.transformer.4.layer_norm_2.beta | Frozen: False
Layer: encoder.transformer.5.self_attn.linear_layers.0.weight | Frozen: False
Layer: encoder.transformer.5.self_attn.linear_layers.0.bias | Frozen: False
Layer: encoder.transformer.5.self_attn.linear_layers.1.weight | Frozen: False
Layer: encoder.transformer.5.self_attn.linear_layers.1.bias | Frozen: False
Layer: encoder.transformer.5.self_attn.linear_layers.2.weight | Frozen: False
Layer: encoder.transformer.5.self_attn.linear_layers.2.bias | Frozen: False
Layer: encoder.transformer.5.self_attn.final_linear.weight | Frozen: False
Layer: encoder.transformer.5.self_attn.final_linear.bias | Frozen: False
Layer: encoder.transformer.5.feed_forward.linear_1.weight | Frozen: False
Layer: encoder.transformer.5.feed_forward.linear_1.bias | Frozen: False
Layer: encoder.transformer.5.feed_forward.linear_2.weight | Frozen: False
Layer: encoder.transformer.5.feed_forward.linear_2.bias | Frozen: False
Layer: encoder.transformer.5.layer_norm_1.gamma | Frozen: False
Layer: encoder.transformer.5.layer_norm_1.beta | Frozen: False
Layer: encoder.transformer.5.layer_norm_2.gamma | Frozen: False
Layer: encoder.transformer.5.layer_norm_2.beta | Frozen: False
Layer: encoder.transformer.6.self_attn.linear_layers.0.weight | Frozen: False
Layer: encoder.transformer.6.self_attn.linear_layers.0.bias | Frozen: False
Layer: encoder.transformer.6.self_attn.linear_layers.1.weight | Frozen: False
Layer: encoder.transformer.6.self_attn.linear_layers.1.bias | Frozen: False
Layer: encoder.transformer.6.self_attn.linear_layers.2.weight | Frozen: False
Layer: encoder.transformer.6.self_attn.linear_layers.2.bias | Frozen: False
Layer: encoder.transformer.6.self_attn.final_linear.weight | Frozen: False
Layer: encoder.transformer.6.self_attn.final_linear.bias | Frozen: False
Layer: encoder.transformer.6.feed_forward.linear_1.weight | Frozen: False
Layer: encoder.transformer.6.feed_forward.linear_1.bias | Frozen: False
Layer: encoder.transformer.6.feed_forward.linear_2.weight | Frozen: False
Layer: encoder.transformer.6.feed_forward.linear_2.bias | Frozen: False
Layer: encoder.transformer.6.layer_norm_1.gamma | Frozen: False
Layer: encoder.transformer.6.layer_norm_1.beta | Frozen: False
Layer: encoder.transformer.6.layer_norm_2.gamma | Frozen: False
Layer: encoder.transformer.6.layer_norm_2.beta | Frozen: False
Layer: encoder.transformer.7.self_attn.linear_layers.0.weight | Frozen: False
Layer: encoder.transformer.7.self_attn.linear_layers.0.bias | Frozen: False
Layer: encoder.transformer.7.self_attn.linear_layers.1.weight | Frozen: False
Layer: encoder.transformer.7.self_attn.linear_layers.1.bias | Frozen: False
Layer: encoder.transformer.7.self_attn.linear_layers.2.weight | Frozen: False
Layer: encoder.transformer.7.self_attn.linear_layers.2.bias | Frozen: False
Layer: encoder.transformer.7.self_attn.final_linear.weight | Frozen: False
Layer: encoder.transformer.7.self_attn.final_linear.bias | Frozen: False
Layer: encoder.transformer.7.feed_forward.linear_1.weight | Frozen: False
Layer: encoder.transformer.7.feed_forward.linear_1.bias | Frozen: False
Layer: encoder.transformer.7.feed_forward.linear_2.weight | Frozen: False
Layer: encoder.transformer.7.feed_forward.linear_2.bias | Frozen: False
Layer: encoder.transformer.7.layer_norm_1.gamma | Frozen: False
Layer: encoder.transformer.7.layer_norm_1.beta | Frozen: False
Layer: encoder.transformer.7.layer_norm_2.gamma | Frozen: False
Layer: encoder.transformer.7.layer_norm_2.beta | Frozen: False
Layer: encoder.transformer.8.self_attn.linear_layers.0.weight | Frozen: False
Layer: encoder.transformer.8.self_attn.linear_layers.0.bias | Frozen: False
Layer: encoder.transformer.8.self_attn.linear_layers.1.weight | Frozen: False
Layer: encoder.transformer.8.self_attn.linear_layers.1.bias | Frozen: False
Layer: encoder.transformer.8.self_attn.linear_layers.2.weight | Frozen: False
Layer: encoder.transformer.8.self_attn.linear_layers.2.bias | Frozen: False
Layer: encoder.transformer.8.self_attn.final_linear.weight | Frozen: False
Layer: encoder.transformer.8.self_attn.final_linear.bias | Frozen: False
Layer: encoder.transformer.8.feed_forward.linear_1.weight | Frozen: False
Layer: encoder.transformer.8.feed_forward.linear_1.bias | Frozen: False
Layer: encoder.transformer.8.feed_forward.linear_2.weight | Frozen: False
Layer: encoder.transformer.8.feed_forward.linear_2.bias | Frozen: False
Layer: encoder.transformer.8.layer_norm_1.gamma | Frozen: False
Layer: encoder.transformer.8.layer_norm_1.beta | Frozen: False
Layer: encoder.transformer.8.layer_norm_2.gamma | Frozen: False
Layer: encoder.transformer.8.layer_norm_2.beta | Frozen: False
Layer: encoder.transformer.9.self_attn.linear_layers.0.weight | Frozen: False
Layer: encoder.transformer.9.self_attn.linear_layers.0.bias | Frozen: False
Layer: encoder.transformer.9.self_attn.linear_layers.1.weight | Frozen: False
Layer: encoder.transformer.9.self_attn.linear_layers.1.bias | Frozen: False
Layer: encoder.transformer.9.self_attn.linear_layers.2.weight | Frozen: False
Layer: encoder.transformer.9.self_attn.linear_layers.2.bias | Frozen: False
Layer: encoder.transformer.9.self_attn.final_linear.weight | Frozen: False
Layer: encoder.transformer.9.self_attn.final_linear.bias | Frozen: False
Layer: encoder.transformer.9.feed_forward.linear_1.weight | Frozen: False
Layer: encoder.transformer.9.feed_forward.linear_1.bias | Frozen: False
Layer: encoder.transformer.9.feed_forward.linear_2.weight | Frozen: False
Layer: encoder.transformer.9.feed_forward.linear_2.bias | Frozen: False
Layer: encoder.transformer.9.layer_norm_1.gamma | Frozen: False
Layer: encoder.transformer.9.layer_norm_1.beta | Frozen: False
Layer: encoder.transformer.9.layer_norm_2.gamma | Frozen: False
Layer: encoder.transformer.9.layer_norm_2.beta | Frozen: False
Layer: encoder.transformer.10.self_attn.linear_layers.0.weight | Frozen: False
Layer: encoder.transformer.10.self_attn.linear_layers.0.bias | Frozen: False
Layer: encoder.transformer.10.self_attn.linear_layers.1.weight | Frozen: False
Layer: encoder.transformer.10.self_attn.linear_layers.1.bias | Frozen: False
Layer: encoder.transformer.10.self_attn.linear_layers.2.weight | Frozen: False
Layer: encoder.transformer.10.self_attn.linear_layers.2.bias | Frozen: False
Layer: encoder.transformer.10.self_attn.final_linear.weight | Frozen: False
Layer: encoder.transformer.10.self_attn.final_linear.bias | Frozen: False
Layer: encoder.transformer.10.feed_forward.linear_1.weight | Frozen: False
Layer: encoder.transformer.10.feed_forward.linear_1.bias | Frozen: False
Layer: encoder.transformer.10.feed_forward.linear_2.weight | Frozen: False
Layer: encoder.transformer.10.feed_forward.linear_2.bias | Frozen: False
Layer: encoder.transformer.10.layer_norm_1.gamma | Frozen: False
Layer: encoder.transformer.10.layer_norm_1.beta | Frozen: False
Layer: encoder.transformer.10.layer_norm_2.gamma | Frozen: False
Layer: encoder.transformer.10.layer_norm_2.beta | Frozen: False
Layer: encoder.transformer.11.self_attn.linear_layers.0.weight | Frozen: False
Layer: encoder.transformer.11.self_attn.linear_layers.0.bias | Frozen: False
Layer: encoder.transformer.11.self_attn.linear_layers.1.weight | Frozen: False
Layer: encoder.transformer.11.self_attn.linear_layers.1.bias | Frozen: False
Layer: encoder.transformer.11.self_attn.linear_layers.2.weight | Frozen: False
Layer: encoder.transformer.11.self_attn.linear_layers.2.bias | Frozen: False
Layer: encoder.transformer.11.self_attn.final_linear.weight | Frozen: False
Layer: encoder.transformer.11.self_attn.final_linear.bias | Frozen: False
Layer: encoder.transformer.11.feed_forward.linear_1.weight | Frozen: False
Layer: encoder.transformer.11.feed_forward.linear_1.bias | Frozen: False
Layer: encoder.transformer.11.feed_forward.linear_2.weight | Frozen: False
Layer: encoder.transformer.11.feed_forward.linear_2.bias | Frozen: False
Layer: encoder.transformer.11.layer_norm_1.gamma | Frozen: False
Layer: encoder.transformer.11.layer_norm_1.beta | Frozen: False
Layer: encoder.transformer.11.layer_norm_2.gamma | Frozen: False
Layer: encoder.transformer.11.layer_norm_2.beta | Frozen: False
Layer: output_layer_1.weight | Frozen: False
Layer: output_layer_1.bias | Frozen: False
Layer: output_layer_2.weight | Frozen: False
Layer: output_layer_2.bias | Frozen: False
Batch size: 32
Training instances: 74452
Start training.
[Fold 0] Epoch 1 | Loss 1.5078
Acc. (Correct/Total): 0.8586 (31961/37226) 
Precision:  0.7276067137718201
Recall:  0.6175833344459534
F1 Score: 0.6067
Inference time: 10.7797
[Fold 0] Epoch 2 | Loss 0.3121
Acc. (Correct/Total): 0.9561 (35593/37226) 
Precision:  0.9582182765007019
Recall:  0.8966672420501709
F1 Score: 0.9185
Inference time: 10.6942
[Fold 0] Epoch 3 | Loss 0.1365
Acc. (Correct/Total): 0.9644 (35902/37226) 
Precision:  0.9640446901321411
Recall:  0.9369616508483887
F1 Score: 0.9492
Inference time: 10.7080
[Fold 0] Epoch 4 | Loss 0.0922
Acc. (Correct/Total): 0.9664 (35974/37226) 
Precision:  0.9603750109672546
Recall:  0.9480692148208618
F1 Score: 0.9526
Inference time: 10.7316
[Fold 0] Epoch 5 | Loss 0.0746
Acc. (Correct/Total): 0.9695 (36090/37226) 
Precision:  0.9740373492240906
Recall:  0.9537740349769592
F1 Score: 0.9628
Inference time: 10.7454
[Fold 0] Epoch 6 | Loss 0.0571
Acc. (Correct/Total): 0.9705 (36129/37226) 
Precision:  0.9706507921218872
Recall:  0.9549515247344971
F1 Score: 0.9617
Inference time: 10.7271
[Fold 0] Epoch 7 | Loss 0.0489
Acc. (Correct/Total): 0.9715 (36166/37226) 
Precision:  0.9573732614517212
Recall:  0.9609208106994629
F1 Score: 0.9578
Inference time: 10.6997
[Fold 0] Epoch 8 | Loss 0.0413
Acc. (Correct/Total): 0.9744 (36272/37226) 
Precision:  0.9749191403388977
Recall:  0.9651435613632202
F1 Score: 0.9696
Inference time: 10.7391
[Fold 0] Epoch 9 | Loss 0.0345
Acc. (Correct/Total): 0.9737 (36246/37226) 
Precision:  0.9847126007080078
Recall:  0.9571890830993652
F1 Score: 0.9698
Inference time: 10.7019
[Fold 0] Epoch 10 | Loss 0.0273
Acc. (Correct/Total): 0.9760 (36334/37226) 
Precision:  0.9753510355949402
Recall:  0.965783417224884
F1 Score: 0.9702
Inference time: 10.7027
[Fold 0] Epoch 11 | Loss 0.0201
Acc. (Correct/Total): 0.9729 (36218/37226) 
Precision:  0.9747427701950073
Recall:  0.9595117568969727
F1 Score: 0.9664
Inference time: 10.7107
[Fold 0] Epoch 12 | Loss 0.0163
Acc. (Correct/Total): 0.9753 (36308/37226) 
Precision:  0.9760435223579407
Recall:  0.9667327404022217
F1 Score: 0.9711
Inference time: 10.7122
[Fold 0] Epoch 13 | Loss 0.0109
Acc. (Correct/Total): 0.9741 (36262/37226) 
Precision:  0.9720636606216431
Recall:  0.967957615852356
F1 Score: 0.9698
Inference time: 10.7133
[Fold 0] Epoch 14 | Loss 0.0092
Acc. (Correct/Total): 0.9746 (36279/37226) 
Precision:  0.9829930663108826
Recall:  0.9625426530838013
F1 Score: 0.9722
Inference time: 10.6990
[Fold 0] Epoch 15 | Loss 0.0081
Acc. (Correct/Total): 0.9763 (36342/37226) 
Precision:  0.978434145450592
Recall:  0.9656263589859009
F1 Score: 0.9719
Inference time: 10.7091
[Fold 0] Epoch 16 | Loss 0.0060
Acc. (Correct/Total): 0.9766 (36356/37226) 
Precision:  0.9767372608184814
Recall:  0.9651458859443665
F1 Score: 0.9705
Inference time: 10.7478
[Fold 0] Epoch 17 | Loss 0.0057
Acc. (Correct/Total): 0.9751 (36298/37226) 
Precision:  0.9663877487182617
Recall:  0.9655356407165527
F1 Score: 0.9654
Inference time: 10.7060
[Fold 0] Epoch 18 | Loss 0.0045
Acc. (Correct/Total): 0.9766 (36356/37226) 
Precision:  0.9799558520317078
Recall:  0.9663984179496765
F1 Score: 0.9729
Inference time: 10.7337
[Fold 0] Epoch 19 | Loss 0.0029
Acc. (Correct/Total): 0.9734 (36235/37226) 
Precision:  0.9629399180412292
Recall:  0.9706770181655884
F1 Score: 0.9665
Inference time: 10.7301
[Fold 0] Epoch 20 | Loss 0.0034
Acc. (Correct/Total): 0.9758 (36326/37226) 
Precision:  0.9752275943756104
Recall:  0.9673238396644592
F1 Score: 0.9712
Inference time: 10.7440
[Fold 0] Epoch 21 | Loss 0.0032
Acc. (Correct/Total): 0.9767 (36357/37226) 
Precision:  0.9795504808425903
Recall:  0.9681934714317322
F1 Score: 0.9737
Inference time: 10.7248
[Fold 0] Epoch 22 | Loss 0.0020
Acc. (Correct/Total): 0.9748 (36289/37226) 
Precision:  0.9789931774139404
Recall:  0.9640496373176575
F1 Score: 0.9713
Inference time: 10.6973
[Fold 0] Epoch 23 | Loss 0.0019
Acc. (Correct/Total): 0.9760 (36332/37226) 
Precision:  0.9738908410072327
Recall:  0.9688329696655273
F1 Score: 0.9712
Inference time: 10.7012
[Fold 0] Epoch 24 | Loss 0.0020
Acc. (Correct/Total): 0.9759 (36329/37226) 
Precision:  0.9735704660415649
Recall:  0.9683502316474915
F1 Score: 0.9709
Inference time: 10.7161
[Fold 0] Epoch 25 | Loss 0.0017
Acc. (Correct/Total): 0.9755 (36314/37226) 
Precision:  0.9807443618774414
Recall:  0.9654344320297241
F1 Score: 0.9727
Inference time: 10.7142
[Fold 0] Epoch 26 | Loss 0.0013
Acc. (Correct/Total): 0.9759 (36329/37226) 
Precision:  0.974725604057312
Recall:  0.9697107672691345
F1 Score: 0.9722
Inference time: 10.7070
[Fold 0] Epoch 27 | Loss 0.0012
Acc. (Correct/Total): 0.9763 (36345/37226) 
Precision:  0.9753418564796448
Recall:  0.970594048500061
F1 Score: 0.9729
Inference time: 10.7172
[Fold 0] Epoch 28 | Loss 0.0011
Acc. (Correct/Total): 0.9766 (36355/37226) 
Precision:  0.9777109026908875
Recall:  0.968666672706604
F1 Score: 0.9731
Inference time: 10.6890
[Fold 0] Epoch 29 | Loss 0.0010
Acc. (Correct/Total): 0.9769 (36366/37226) 
Precision:  0.9781959056854248
Recall:  0.9690923690795898
F1 Score: 0.9735
Inference time: 10.7055
[Fold 0] Epoch 30 | Loss 0.0008
Acc. (Correct/Total): 0.9769 (36365/37226) 
Precision:  0.9773527383804321
Recall:  0.9696892499923706
F1 Score: 0.9734
Inference time: 10.7283

[Fold 0] Test evaluation
Acc. (Correct/Total): 0.4773 (19407/40656) 
Precision:  0.532376766204834
Recall:  0.4773465394973755
F1 Score: 0.4619
Inference time: 11.6980

==============================
        Fold 1
==============================
The number of labels: 16
False
Layer: embedding.layer_norm.gamma | Frozen: False
Layer: embedding.layer_norm.beta | Frozen: False
Layer: embedding.word.embedding.weight | Frozen: False
Layer: embedding.pos.embedding.weight | Frozen: False
Layer: embedding.seg.embedding.weight | Frozen: False
Layer: encoder.transformer.0.self_attn.linear_layers.0.weight | Frozen: False
Layer: encoder.transformer.0.self_attn.linear_layers.0.bias | Frozen: False
Layer: encoder.transformer.0.self_attn.linear_layers.1.weight | Frozen: False
Layer: encoder.transformer.0.self_attn.linear_layers.1.bias | Frozen: False
Layer: encoder.transformer.0.self_attn.linear_layers.2.weight | Frozen: False
Layer: encoder.transformer.0.self_attn.linear_layers.2.bias | Frozen: False
Layer: encoder.transformer.0.self_attn.final_linear.weight | Frozen: False
Layer: encoder.transformer.0.self_attn.final_linear.bias | Frozen: False
Layer: encoder.transformer.0.feed_forward.linear_1.weight | Frozen: False
Layer: encoder.transformer.0.feed_forward.linear_1.bias | Frozen: False
Layer: encoder.transformer.0.feed_forward.linear_2.weight | Frozen: False
Layer: encoder.transformer.0.feed_forward.linear_2.bias | Frozen: False
Layer: encoder.transformer.0.layer_norm_1.gamma | Frozen: False
Layer: encoder.transformer.0.layer_norm_1.beta | Frozen: False
Layer: encoder.transformer.0.layer_norm_2.gamma | Frozen: False
Layer: encoder.transformer.0.layer_norm_2.beta | Frozen: False
Layer: encoder.transformer.1.self_attn.linear_layers.0.weight | Frozen: False
Layer: encoder.transformer.1.self_attn.linear_layers.0.bias | Frozen: False
Layer: encoder.transformer.1.self_attn.linear_layers.1.weight | Frozen: False
Layer: encoder.transformer.1.self_attn.linear_layers.1.bias | Frozen: False
Layer: encoder.transformer.1.self_attn.linear_layers.2.weight | Frozen: False
Layer: encoder.transformer.1.self_attn.linear_layers.2.bias | Frozen: False
Layer: encoder.transformer.1.self_attn.final_linear.weight | Frozen: False
Layer: encoder.transformer.1.self_attn.final_linear.bias | Frozen: False
Layer: encoder.transformer.1.feed_forward.linear_1.weight | Frozen: False
Layer: encoder.transformer.1.feed_forward.linear_1.bias | Frozen: False
Layer: encoder.transformer.1.feed_forward.linear_2.weight | Frozen: False
Layer: encoder.transformer.1.feed_forward.linear_2.bias | Frozen: False
Layer: encoder.transformer.1.layer_norm_1.gamma | Frozen: False
Layer: encoder.transformer.1.layer_norm_1.beta | Frozen: False
Layer: encoder.transformer.1.layer_norm_2.gamma | Frozen: False
Layer: encoder.transformer.1.layer_norm_2.beta | Frozen: False
Layer: encoder.transformer.2.self_attn.linear_layers.0.weight | Frozen: False
Layer: encoder.transformer.2.self_attn.linear_layers.0.bias | Frozen: False
Layer: encoder.transformer.2.self_attn.linear_layers.1.weight | Frozen: False
Layer: encoder.transformer.2.self_attn.linear_layers.1.bias | Frozen: False
Layer: encoder.transformer.2.self_attn.linear_layers.2.weight | Frozen: False
Layer: encoder.transformer.2.self_attn.linear_layers.2.bias | Frozen: False
Layer: encoder.transformer.2.self_attn.final_linear.weight | Frozen: False
Layer: encoder.transformer.2.self_attn.final_linear.bias | Frozen: False
Layer: encoder.transformer.2.feed_forward.linear_1.weight | Frozen: False
Layer: encoder.transformer.2.feed_forward.linear_1.bias | Frozen: False
Layer: encoder.transformer.2.feed_forward.linear_2.weight | Frozen: False
Layer: encoder.transformer.2.feed_forward.linear_2.bias | Frozen: False
Layer: encoder.transformer.2.layer_norm_1.gamma | Frozen: False
Layer: encoder.transformer.2.layer_norm_1.beta | Frozen: False
Layer: encoder.transformer.2.layer_norm_2.gamma | Frozen: False
Layer: encoder.transformer.2.layer_norm_2.beta | Frozen: False
Layer: encoder.transformer.3.self_attn.linear_layers.0.weight | Frozen: False
Layer: encoder.transformer.3.self_attn.linear_layers.0.bias | Frozen: False
Layer: encoder.transformer.3.self_attn.linear_layers.1.weight | Frozen: False
Layer: encoder.transformer.3.self_attn.linear_layers.1.bias | Frozen: False
Layer: encoder.transformer.3.self_attn.linear_layers.2.weight | Frozen: False
Layer: encoder.transformer.3.self_attn.linear_layers.2.bias | Frozen: False
Layer: encoder.transformer.3.self_attn.final_linear.weight | Frozen: False
Layer: encoder.transformer.3.self_attn.final_linear.bias | Frozen: False
Layer: encoder.transformer.3.feed_forward.linear_1.weight | Frozen: False
Layer: encoder.transformer.3.feed_forward.linear_1.bias | Frozen: False
Layer: encoder.transformer.3.feed_forward.linear_2.weight | Frozen: False
Layer: encoder.transformer.3.feed_forward.linear_2.bias | Frozen: False
Layer: encoder.transformer.3.layer_norm_1.gamma | Frozen: False
Layer: encoder.transformer.3.layer_norm_1.beta | Frozen: False
Layer: encoder.transformer.3.layer_norm_2.gamma | Frozen: False
Layer: encoder.transformer.3.layer_norm_2.beta | Frozen: False
Layer: encoder.transformer.4.self_attn.linear_layers.0.weight | Frozen: False
Layer: encoder.transformer.4.self_attn.linear_layers.0.bias | Frozen: False
Layer: encoder.transformer.4.self_attn.linear_layers.1.weight | Frozen: False
Layer: encoder.transformer.4.self_attn.linear_layers.1.bias | Frozen: False
Layer: encoder.transformer.4.self_attn.linear_layers.2.weight | Frozen: False
Layer: encoder.transformer.4.self_attn.linear_layers.2.bias | Frozen: False
Layer: encoder.transformer.4.self_attn.final_linear.weight | Frozen: False
Layer: encoder.transformer.4.self_attn.final_linear.bias | Frozen: False
Layer: encoder.transformer.4.feed_forward.linear_1.weight | Frozen: False
Layer: encoder.transformer.4.feed_forward.linear_1.bias | Frozen: False
Layer: encoder.transformer.4.feed_forward.linear_2.weight | Frozen: False
Layer: encoder.transformer.4.feed_forward.linear_2.bias | Frozen: False
Layer: encoder.transformer.4.layer_norm_1.gamma | Frozen: False
Layer: encoder.transformer.4.layer_norm_1.beta | Frozen: False
Layer: encoder.transformer.4.layer_norm_2.gamma | Frozen: False
Layer: encoder.transformer.4.layer_norm_2.beta | Frozen: False
Layer: encoder.transformer.5.self_attn.linear_layers.0.weight | Frozen: False
Layer: encoder.transformer.5.self_attn.linear_layers.0.bias | Frozen: False
Layer: encoder.transformer.5.self_attn.linear_layers.1.weight | Frozen: False
Layer: encoder.transformer.5.self_attn.linear_layers.1.bias | Frozen: False
Layer: encoder.transformer.5.self_attn.linear_layers.2.weight | Frozen: False
Layer: encoder.transformer.5.self_attn.linear_layers.2.bias | Frozen: False
Layer: encoder.transformer.5.self_attn.final_linear.weight | Frozen: False
Layer: encoder.transformer.5.self_attn.final_linear.bias | Frozen: False
Layer: encoder.transformer.5.feed_forward.linear_1.weight | Frozen: False
Layer: encoder.transformer.5.feed_forward.linear_1.bias | Frozen: False
Layer: encoder.transformer.5.feed_forward.linear_2.weight | Frozen: False
Layer: encoder.transformer.5.feed_forward.linear_2.bias | Frozen: False
Layer: encoder.transformer.5.layer_norm_1.gamma | Frozen: False
Layer: encoder.transformer.5.layer_norm_1.beta | Frozen: False
Layer: encoder.transformer.5.layer_norm_2.gamma | Frozen: False
Layer: encoder.transformer.5.layer_norm_2.beta | Frozen: False
Layer: encoder.transformer.6.self_attn.linear_layers.0.weight | Frozen: False
Layer: encoder.transformer.6.self_attn.linear_layers.0.bias | Frozen: False
Layer: encoder.transformer.6.self_attn.linear_layers.1.weight | Frozen: False
Layer: encoder.transformer.6.self_attn.linear_layers.1.bias | Frozen: False
Layer: encoder.transformer.6.self_attn.linear_layers.2.weight | Frozen: False
Layer: encoder.transformer.6.self_attn.linear_layers.2.bias | Frozen: False
Layer: encoder.transformer.6.self_attn.final_linear.weight | Frozen: False
Layer: encoder.transformer.6.self_attn.final_linear.bias | Frozen: False
Layer: encoder.transformer.6.feed_forward.linear_1.weight | Frozen: False
Layer: encoder.transformer.6.feed_forward.linear_1.bias | Frozen: False
Layer: encoder.transformer.6.feed_forward.linear_2.weight | Frozen: False
Layer: encoder.transformer.6.feed_forward.linear_2.bias | Frozen: False
Layer: encoder.transformer.6.layer_norm_1.gamma | Frozen: False
Layer: encoder.transformer.6.layer_norm_1.beta | Frozen: False
Layer: encoder.transformer.6.layer_norm_2.gamma | Frozen: False
Layer: encoder.transformer.6.layer_norm_2.beta | Frozen: False
Layer: encoder.transformer.7.self_attn.linear_layers.0.weight | Frozen: False
Layer: encoder.transformer.7.self_attn.linear_layers.0.bias | Frozen: False
Layer: encoder.transformer.7.self_attn.linear_layers.1.weight | Frozen: False
Layer: encoder.transformer.7.self_attn.linear_layers.1.bias | Frozen: False
Layer: encoder.transformer.7.self_attn.linear_layers.2.weight | Frozen: False
Layer: encoder.transformer.7.self_attn.linear_layers.2.bias | Frozen: False
Layer: encoder.transformer.7.self_attn.final_linear.weight | Frozen: False
Layer: encoder.transformer.7.self_attn.final_linear.bias | Frozen: False
Layer: encoder.transformer.7.feed_forward.linear_1.weight | Frozen: False
Layer: encoder.transformer.7.feed_forward.linear_1.bias | Frozen: False
Layer: encoder.transformer.7.feed_forward.linear_2.weight | Frozen: False
Layer: encoder.transformer.7.feed_forward.linear_2.bias | Frozen: False
Layer: encoder.transformer.7.layer_norm_1.gamma | Frozen: False
Layer: encoder.transformer.7.layer_norm_1.beta | Frozen: False
Layer: encoder.transformer.7.layer_norm_2.gamma | Frozen: False
Layer: encoder.transformer.7.layer_norm_2.beta | Frozen: False
Layer: encoder.transformer.8.self_attn.linear_layers.0.weight | Frozen: False
Layer: encoder.transformer.8.self_attn.linear_layers.0.bias | Frozen: False
Layer: encoder.transformer.8.self_attn.linear_layers.1.weight | Frozen: False
Layer: encoder.transformer.8.self_attn.linear_layers.1.bias | Frozen: False
Layer: encoder.transformer.8.self_attn.linear_layers.2.weight | Frozen: False
Layer: encoder.transformer.8.self_attn.linear_layers.2.bias | Frozen: False
Layer: encoder.transformer.8.self_attn.final_linear.weight | Frozen: False
Layer: encoder.transformer.8.self_attn.final_linear.bias | Frozen: False
Layer: encoder.transformer.8.feed_forward.linear_1.weight | Frozen: False
Layer: encoder.transformer.8.feed_forward.linear_1.bias | Frozen: False
Layer: encoder.transformer.8.feed_forward.linear_2.weight | Frozen: False
Layer: encoder.transformer.8.feed_forward.linear_2.bias | Frozen: False
Layer: encoder.transformer.8.layer_norm_1.gamma | Frozen: False
Layer: encoder.transformer.8.layer_norm_1.beta | Frozen: False
Layer: encoder.transformer.8.layer_norm_2.gamma | Frozen: False
Layer: encoder.transformer.8.layer_norm_2.beta | Frozen: False
Layer: encoder.transformer.9.self_attn.linear_layers.0.weight | Frozen: False
Layer: encoder.transformer.9.self_attn.linear_layers.0.bias | Frozen: False
Layer: encoder.transformer.9.self_attn.linear_layers.1.weight | Frozen: False
Layer: encoder.transformer.9.self_attn.linear_layers.1.bias | Frozen: False
Layer: encoder.transformer.9.self_attn.linear_layers.2.weight | Frozen: False
Layer: encoder.transformer.9.self_attn.linear_layers.2.bias | Frozen: False
Layer: encoder.transformer.9.self_attn.final_linear.weight | Frozen: False
Layer: encoder.transformer.9.self_attn.final_linear.bias | Frozen: False
Layer: encoder.transformer.9.feed_forward.linear_1.weight | Frozen: False
Layer: encoder.transformer.9.feed_forward.linear_1.bias | Frozen: False
Layer: encoder.transformer.9.feed_forward.linear_2.weight | Frozen: False
Layer: encoder.transformer.9.feed_forward.linear_2.bias | Frozen: False
Layer: encoder.transformer.9.layer_norm_1.gamma | Frozen: False
Layer: encoder.transformer.9.layer_norm_1.beta | Frozen: False
Layer: encoder.transformer.9.layer_norm_2.gamma | Frozen: False
Layer: encoder.transformer.9.layer_norm_2.beta | Frozen: False
Layer: encoder.transformer.10.self_attn.linear_layers.0.weight | Frozen: False
Layer: encoder.transformer.10.self_attn.linear_layers.0.bias | Frozen: False
Layer: encoder.transformer.10.self_attn.linear_layers.1.weight | Frozen: False
Layer: encoder.transformer.10.self_attn.linear_layers.1.bias | Frozen: False
Layer: encoder.transformer.10.self_attn.linear_layers.2.weight | Frozen: False
Layer: encoder.transformer.10.self_attn.linear_layers.2.bias | Frozen: False
Layer: encoder.transformer.10.self_attn.final_linear.weight | Frozen: False
Layer: encoder.transformer.10.self_attn.final_linear.bias | Frozen: False
Layer: encoder.transformer.10.feed_forward.linear_1.weight | Frozen: False
Layer: encoder.transformer.10.feed_forward.linear_1.bias | Frozen: False
Layer: encoder.transformer.10.feed_forward.linear_2.weight | Frozen: False
Layer: encoder.transformer.10.feed_forward.linear_2.bias | Frozen: False
Layer: encoder.transformer.10.layer_norm_1.gamma | Frozen: False
Layer: encoder.transformer.10.layer_norm_1.beta | Frozen: False
Layer: encoder.transformer.10.layer_norm_2.gamma | Frozen: False
Layer: encoder.transformer.10.layer_norm_2.beta | Frozen: False
Layer: encoder.transformer.11.self_attn.linear_layers.0.weight | Frozen: False
Layer: encoder.transformer.11.self_attn.linear_layers.0.bias | Frozen: False
Layer: encoder.transformer.11.self_attn.linear_layers.1.weight | Frozen: False
Layer: encoder.transformer.11.self_attn.linear_layers.1.bias | Frozen: False
Layer: encoder.transformer.11.self_attn.linear_layers.2.weight | Frozen: False
Layer: encoder.transformer.11.self_attn.linear_layers.2.bias | Frozen: False
Layer: encoder.transformer.11.self_attn.final_linear.weight | Frozen: False
Layer: encoder.transformer.11.self_attn.final_linear.bias | Frozen: False
Layer: encoder.transformer.11.feed_forward.linear_1.weight | Frozen: False
Layer: encoder.transformer.11.feed_forward.linear_1.bias | Frozen: False
Layer: encoder.transformer.11.feed_forward.linear_2.weight | Frozen: False
Layer: encoder.transformer.11.feed_forward.linear_2.bias | Frozen: False
Layer: encoder.transformer.11.layer_norm_1.gamma | Frozen: False
Layer: encoder.transformer.11.layer_norm_1.beta | Frozen: False
Layer: encoder.transformer.11.layer_norm_2.gamma | Frozen: False
Layer: encoder.transformer.11.layer_norm_2.beta | Frozen: False
Layer: output_layer_1.weight | Frozen: False
Layer: output_layer_1.bias | Frozen: False
Layer: output_layer_2.weight | Frozen: False
Layer: output_layer_2.bias | Frozen: False
Batch size: 32
Training instances: 74452
Start training.
[Fold 1] Epoch 1 | Loss 1.5044
Acc. (Correct/Total): 0.8410 (31308/37226) 
Precision:  0.7516171932220459
Recall:  0.5711385011672974
F1 Score: 0.5693
Inference time: 10.6618
[Fold 1] Epoch 2 | Loss 0.2977
Acc. (Correct/Total): 0.9518 (35433/37226) 
Precision:  0.9523706436157227
Recall:  0.898743748664856
F1 Score: 0.9181
Inference time: 10.7376
[Fold 1] Epoch 3 | Loss 0.1353
Acc. (Correct/Total): 0.9621 (35816/37226) 
Precision:  0.9684346914291382
Recall:  0.939781665802002
F1 Score: 0.9525
Inference time: 10.7217
[Fold 1] Epoch 4 | Loss 0.0963
Acc. (Correct/Total): 0.9686 (36058/37226) 
Precision:  0.9608323574066162
Recall:  0.9650022387504578
F1 Score: 0.9616
Inference time: 10.7186
[Fold 1] Epoch 5 | Loss 0.0712
Acc. (Correct/Total): 0.9671 (36001/37226) 
Precision:  0.9545847177505493
Recall:  0.9680255651473999
F1 Score: 0.9600
Inference time: 10.6945
[Fold 1] Epoch 6 | Loss 0.0577
Acc. (Correct/Total): 0.9712 (36153/37226) 
Precision:  0.9711080193519592
Recall:  0.9605133533477783
F1 Score: 0.9653
Inference time: 10.6920
[Fold 1] Epoch 7 | Loss 0.0481
Acc. (Correct/Total): 0.9718 (36176/37226) 
Precision:  0.9740664958953857
Recall:  0.9638532996177673
F1 Score: 0.9685
Inference time: 10.7148
[Fold 1] Epoch 8 | Loss 0.0418
Acc. (Correct/Total): 0.9748 (36289/37226) 
Precision:  0.9774767160415649
Recall:  0.9590911865234375
F1 Score: 0.9674
Inference time: 10.7612
[Fold 1] Epoch 9 | Loss 0.0333
Acc. (Correct/Total): 0.9761 (36337/37226) 
Precision:  0.97304767370224
Recall:  0.9680452346801758
F1 Score: 0.9704
Inference time: 10.6909
[Fold 1] Epoch 10 | Loss 0.0277
Acc. (Correct/Total): 0.9769 (36366/37226) 
Precision:  0.9760140180587769
Recall:  0.9702318906784058
F1 Score: 0.9730
Inference time: 10.7050
[Fold 1] Epoch 11 | Loss 0.0198
Acc. (Correct/Total): 0.9771 (36373/37226) 
Precision:  0.9713141322135925
Recall:  0.97269207239151
F1 Score: 0.9718
Inference time: 10.7221
[Fold 1] Epoch 12 | Loss 0.0165
Acc. (Correct/Total): 0.9716 (36169/37226) 
Precision:  0.9704850912094116
Recall:  0.967187762260437
F1 Score: 0.9685
Inference time: 10.7275
[Fold 1] Epoch 13 | Loss 0.0124
Acc. (Correct/Total): 0.9766 (36354/37226) 
Precision:  0.9727224707603455
Recall:  0.9710371494293213
F1 Score: 0.9712
Inference time: 10.6930
[Fold 1] Epoch 14 | Loss 0.0083
Acc. (Correct/Total): 0.9770 (36371/37226) 
Precision:  0.9804372787475586
Recall:  0.967908501625061
F1 Score: 0.9740
Inference time: 10.7039
[Fold 1] Epoch 15 | Loss 0.0077
Acc. (Correct/Total): 0.9779 (36403/37226) 
Precision:  0.976291298866272
Recall:  0.9713289737701416
F1 Score: 0.9738
Inference time: 10.7200
[Fold 1] Epoch 16 | Loss 0.0051
Acc. (Correct/Total): 0.9750 (36295/37226) 
Precision:  0.9793919324874878
Recall:  0.9605149030685425
F1 Score: 0.9692
Inference time: 10.7319
[Fold 1] Epoch 17 | Loss 0.0061
Acc. (Correct/Total): 0.9778 (36398/37226) 
Precision:  0.9807909727096558
Recall:  0.9686412811279297
F1 Score: 0.9746
Inference time: 10.7185
[Fold 1] Epoch 18 | Loss 0.0037
Acc. (Correct/Total): 0.9780 (36406/37226) 
Precision:  0.9783697128295898
Recall:  0.9719379544258118
F1 Score: 0.9751
Inference time: 10.7100
[Fold 1] Epoch 19 | Loss 0.0033
Acc. (Correct/Total): 0.9774 (36385/37226) 
Precision:  0.9722865223884583
Recall:  0.9742375612258911
F1 Score: 0.9731
Inference time: 10.6970
[Fold 1] Epoch 20 | Loss 0.0033
Acc. (Correct/Total): 0.9765 (36352/37226) 
Precision:  0.9762710928916931
Recall:  0.9719635844230652
F1 Score: 0.9740
Inference time: 10.7190
[Fold 1] Epoch 21 | Loss 0.0023
Acc. (Correct/Total): 0.9769 (36365/37226) 
Precision:  0.9719337821006775
Recall:  0.9722847938537598
F1 Score: 0.9720
Inference time: 10.7055
[Fold 1] Epoch 22 | Loss 0.0020
Acc. (Correct/Total): 0.9774 (36384/37226) 
Precision:  0.979422390460968
Recall:  0.9690567851066589
F1 Score: 0.9741
Inference time: 10.6899
[Fold 1] Epoch 23 | Loss 0.0020
Acc. (Correct/Total): 0.9777 (36396/37226) 
Precision:  0.9807441234588623
Recall:  0.9697443842887878
F1 Score: 0.9751
Inference time: 10.7057
[Fold 1] Epoch 24 | Loss 0.0016
Acc. (Correct/Total): 0.9767 (36359/37226) 
Precision:  0.9801241755485535
Recall:  0.9701974987983704
F1 Score: 0.9750
Inference time: 10.6692
[Fold 1] Epoch 25 | Loss 0.0012
Acc. (Correct/Total): 0.9772 (36377/37226) 
Precision:  0.9762692451477051
Recall:  0.9718958139419556
F1 Score: 0.9740
Inference time: 10.7068
[Fold 1] Epoch 26 | Loss 0.0010
Acc. (Correct/Total): 0.9780 (36407/37226) 
Precision:  0.9781919717788696
Recall:  0.9722837805747986
F1 Score: 0.9752
Inference time: 10.6917
[Fold 1] Epoch 27 | Loss 0.0009
Acc. (Correct/Total): 0.9779 (36404/37226) 
Precision:  0.9777912497520447
Recall:  0.9722228050231934
F1 Score: 0.9749
Inference time: 10.7252
[Fold 1] Epoch 28 | Loss 0.0010
Acc. (Correct/Total): 0.9776 (36392/37226) 
Precision:  0.977046012878418
Recall:  0.9715171456336975
F1 Score: 0.9742
Inference time: 10.7160
[Fold 1] Epoch 29 | Loss 0.0007
Acc. (Correct/Total): 0.9778 (36399/37226) 
Precision:  0.9798476696014404
Recall:  0.970633327960968
F1 Score: 0.9751
Inference time: 10.7029
[Fold 1] Epoch 30 | Loss 0.0008
Acc. (Correct/Total): 0.9780 (36407/37226) 
Precision:  0.9788305759429932
Recall:  0.971622884273529
F1 Score: 0.9752
Inference time: 10.7218

[Fold 1] Test evaluation
Acc. (Correct/Total): 0.4719 (19185/40656) 
Precision:  0.5406166315078735
Recall:  0.47188600897789
F1 Score: 0.4492
Inference time: 11.7194

==============================
        Fold 2
==============================
The number of labels: 16
False
Layer: embedding.layer_norm.gamma | Frozen: False
Layer: embedding.layer_norm.beta | Frozen: False
Layer: embedding.word.embedding.weight | Frozen: False
Layer: embedding.pos.embedding.weight | Frozen: False
Layer: embedding.seg.embedding.weight | Frozen: False
Layer: encoder.transformer.0.self_attn.linear_layers.0.weight | Frozen: False
Layer: encoder.transformer.0.self_attn.linear_layers.0.bias | Frozen: False
Layer: encoder.transformer.0.self_attn.linear_layers.1.weight | Frozen: False
Layer: encoder.transformer.0.self_attn.linear_layers.1.bias | Frozen: False
Layer: encoder.transformer.0.self_attn.linear_layers.2.weight | Frozen: False
Layer: encoder.transformer.0.self_attn.linear_layers.2.bias | Frozen: False
Layer: encoder.transformer.0.self_attn.final_linear.weight | Frozen: False
Layer: encoder.transformer.0.self_attn.final_linear.bias | Frozen: False
Layer: encoder.transformer.0.feed_forward.linear_1.weight | Frozen: False
Layer: encoder.transformer.0.feed_forward.linear_1.bias | Frozen: False
Layer: encoder.transformer.0.feed_forward.linear_2.weight | Frozen: False
Layer: encoder.transformer.0.feed_forward.linear_2.bias | Frozen: False
Layer: encoder.transformer.0.layer_norm_1.gamma | Frozen: False
Layer: encoder.transformer.0.layer_norm_1.beta | Frozen: False
Layer: encoder.transformer.0.layer_norm_2.gamma | Frozen: False
Layer: encoder.transformer.0.layer_norm_2.beta | Frozen: False
Layer: encoder.transformer.1.self_attn.linear_layers.0.weight | Frozen: False
Layer: encoder.transformer.1.self_attn.linear_layers.0.bias | Frozen: False
Layer: encoder.transformer.1.self_attn.linear_layers.1.weight | Frozen: False
Layer: encoder.transformer.1.self_attn.linear_layers.1.bias | Frozen: False
Layer: encoder.transformer.1.self_attn.linear_layers.2.weight | Frozen: False
Layer: encoder.transformer.1.self_attn.linear_layers.2.bias | Frozen: False
Layer: encoder.transformer.1.self_attn.final_linear.weight | Frozen: False
Layer: encoder.transformer.1.self_attn.final_linear.bias | Frozen: False
Layer: encoder.transformer.1.feed_forward.linear_1.weight | Frozen: False
Layer: encoder.transformer.1.feed_forward.linear_1.bias | Frozen: False
Layer: encoder.transformer.1.feed_forward.linear_2.weight | Frozen: False
Layer: encoder.transformer.1.feed_forward.linear_2.bias | Frozen: False
Layer: encoder.transformer.1.layer_norm_1.gamma | Frozen: False
Layer: encoder.transformer.1.layer_norm_1.beta | Frozen: False
Layer: encoder.transformer.1.layer_norm_2.gamma | Frozen: False
Layer: encoder.transformer.1.layer_norm_2.beta | Frozen: False
Layer: encoder.transformer.2.self_attn.linear_layers.0.weight | Frozen: False
Layer: encoder.transformer.2.self_attn.linear_layers.0.bias | Frozen: False
Layer: encoder.transformer.2.self_attn.linear_layers.1.weight | Frozen: False
Layer: encoder.transformer.2.self_attn.linear_layers.1.bias | Frozen: False
Layer: encoder.transformer.2.self_attn.linear_layers.2.weight | Frozen: False
Layer: encoder.transformer.2.self_attn.linear_layers.2.bias | Frozen: False
Layer: encoder.transformer.2.self_attn.final_linear.weight | Frozen: False
Layer: encoder.transformer.2.self_attn.final_linear.bias | Frozen: False
Layer: encoder.transformer.2.feed_forward.linear_1.weight | Frozen: False
Layer: encoder.transformer.2.feed_forward.linear_1.bias | Frozen: False
Layer: encoder.transformer.2.feed_forward.linear_2.weight | Frozen: False
Layer: encoder.transformer.2.feed_forward.linear_2.bias | Frozen: False
Layer: encoder.transformer.2.layer_norm_1.gamma | Frozen: False
Layer: encoder.transformer.2.layer_norm_1.beta | Frozen: False
Layer: encoder.transformer.2.layer_norm_2.gamma | Frozen: False
Layer: encoder.transformer.2.layer_norm_2.beta | Frozen: False
Layer: encoder.transformer.3.self_attn.linear_layers.0.weight | Frozen: False
Layer: encoder.transformer.3.self_attn.linear_layers.0.bias | Frozen: False
Layer: encoder.transformer.3.self_attn.linear_layers.1.weight | Frozen: False
Layer: encoder.transformer.3.self_attn.linear_layers.1.bias | Frozen: False
Layer: encoder.transformer.3.self_attn.linear_layers.2.weight | Frozen: False
Layer: encoder.transformer.3.self_attn.linear_layers.2.bias | Frozen: False
Layer: encoder.transformer.3.self_attn.final_linear.weight | Frozen: False
Layer: encoder.transformer.3.self_attn.final_linear.bias | Frozen: False
Layer: encoder.transformer.3.feed_forward.linear_1.weight | Frozen: False
Layer: encoder.transformer.3.feed_forward.linear_1.bias | Frozen: False
Layer: encoder.transformer.3.feed_forward.linear_2.weight | Frozen: False
Layer: encoder.transformer.3.feed_forward.linear_2.bias | Frozen: False
Layer: encoder.transformer.3.layer_norm_1.gamma | Frozen: False
Layer: encoder.transformer.3.layer_norm_1.beta | Frozen: False
Layer: encoder.transformer.3.layer_norm_2.gamma | Frozen: False
Layer: encoder.transformer.3.layer_norm_2.beta | Frozen: False
Layer: encoder.transformer.4.self_attn.linear_layers.0.weight | Frozen: False
Layer: encoder.transformer.4.self_attn.linear_layers.0.bias | Frozen: False
Layer: encoder.transformer.4.self_attn.linear_layers.1.weight | Frozen: False
Layer: encoder.transformer.4.self_attn.linear_layers.1.bias | Frozen: False
Layer: encoder.transformer.4.self_attn.linear_layers.2.weight | Frozen: False
Layer: encoder.transformer.4.self_attn.linear_layers.2.bias | Frozen: False
Layer: encoder.transformer.4.self_attn.final_linear.weight | Frozen: False
Layer: encoder.transformer.4.self_attn.final_linear.bias | Frozen: False
Layer: encoder.transformer.4.feed_forward.linear_1.weight | Frozen: False
Layer: encoder.transformer.4.feed_forward.linear_1.bias | Frozen: False
Layer: encoder.transformer.4.feed_forward.linear_2.weight | Frozen: False
Layer: encoder.transformer.4.feed_forward.linear_2.bias | Frozen: False
Layer: encoder.transformer.4.layer_norm_1.gamma | Frozen: False
Layer: encoder.transformer.4.layer_norm_1.beta | Frozen: False
Layer: encoder.transformer.4.layer_norm_2.gamma | Frozen: False
Layer: encoder.transformer.4.layer_norm_2.beta | Frozen: False
Layer: encoder.transformer.5.self_attn.linear_layers.0.weight | Frozen: False
Layer: encoder.transformer.5.self_attn.linear_layers.0.bias | Frozen: False
Layer: encoder.transformer.5.self_attn.linear_layers.1.weight | Frozen: False
Layer: encoder.transformer.5.self_attn.linear_layers.1.bias | Frozen: False
Layer: encoder.transformer.5.self_attn.linear_layers.2.weight | Frozen: False
Layer: encoder.transformer.5.self_attn.linear_layers.2.bias | Frozen: False
Layer: encoder.transformer.5.self_attn.final_linear.weight | Frozen: False
Layer: encoder.transformer.5.self_attn.final_linear.bias | Frozen: False
Layer: encoder.transformer.5.feed_forward.linear_1.weight | Frozen: False
Layer: encoder.transformer.5.feed_forward.linear_1.bias | Frozen: False
Layer: encoder.transformer.5.feed_forward.linear_2.weight | Frozen: False
Layer: encoder.transformer.5.feed_forward.linear_2.bias | Frozen: False
Layer: encoder.transformer.5.layer_norm_1.gamma | Frozen: False
Layer: encoder.transformer.5.layer_norm_1.beta | Frozen: False
Layer: encoder.transformer.5.layer_norm_2.gamma | Frozen: False
Layer: encoder.transformer.5.layer_norm_2.beta | Frozen: False
Layer: encoder.transformer.6.self_attn.linear_layers.0.weight | Frozen: False
Layer: encoder.transformer.6.self_attn.linear_layers.0.bias | Frozen: False
Layer: encoder.transformer.6.self_attn.linear_layers.1.weight | Frozen: False
Layer: encoder.transformer.6.self_attn.linear_layers.1.bias | Frozen: False
Layer: encoder.transformer.6.self_attn.linear_layers.2.weight | Frozen: False
Layer: encoder.transformer.6.self_attn.linear_layers.2.bias | Frozen: False
Layer: encoder.transformer.6.self_attn.final_linear.weight | Frozen: False
Layer: encoder.transformer.6.self_attn.final_linear.bias | Frozen: False
Layer: encoder.transformer.6.feed_forward.linear_1.weight | Frozen: False
Layer: encoder.transformer.6.feed_forward.linear_1.bias | Frozen: False
Layer: encoder.transformer.6.feed_forward.linear_2.weight | Frozen: False
Layer: encoder.transformer.6.feed_forward.linear_2.bias | Frozen: False
Layer: encoder.transformer.6.layer_norm_1.gamma | Frozen: False
Layer: encoder.transformer.6.layer_norm_1.beta | Frozen: False
Layer: encoder.transformer.6.layer_norm_2.gamma | Frozen: False
Layer: encoder.transformer.6.layer_norm_2.beta | Frozen: False
Layer: encoder.transformer.7.self_attn.linear_layers.0.weight | Frozen: False
Layer: encoder.transformer.7.self_attn.linear_layers.0.bias | Frozen: False
Layer: encoder.transformer.7.self_attn.linear_layers.1.weight | Frozen: False
Layer: encoder.transformer.7.self_attn.linear_layers.1.bias | Frozen: False
Layer: encoder.transformer.7.self_attn.linear_layers.2.weight | Frozen: False
Layer: encoder.transformer.7.self_attn.linear_layers.2.bias | Frozen: False
Layer: encoder.transformer.7.self_attn.final_linear.weight | Frozen: False
Layer: encoder.transformer.7.self_attn.final_linear.bias | Frozen: False
Layer: encoder.transformer.7.feed_forward.linear_1.weight | Frozen: False
Layer: encoder.transformer.7.feed_forward.linear_1.bias | Frozen: False
Layer: encoder.transformer.7.feed_forward.linear_2.weight | Frozen: False
Layer: encoder.transformer.7.feed_forward.linear_2.bias | Frozen: False
Layer: encoder.transformer.7.layer_norm_1.gamma | Frozen: False
Layer: encoder.transformer.7.layer_norm_1.beta | Frozen: False
Layer: encoder.transformer.7.layer_norm_2.gamma | Frozen: False
Layer: encoder.transformer.7.layer_norm_2.beta | Frozen: False
Layer: encoder.transformer.8.self_attn.linear_layers.0.weight | Frozen: False
Layer: encoder.transformer.8.self_attn.linear_layers.0.bias | Frozen: False
Layer: encoder.transformer.8.self_attn.linear_layers.1.weight | Frozen: False
Layer: encoder.transformer.8.self_attn.linear_layers.1.bias | Frozen: False
Layer: encoder.transformer.8.self_attn.linear_layers.2.weight | Frozen: False
Layer: encoder.transformer.8.self_attn.linear_layers.2.bias | Frozen: False
Layer: encoder.transformer.8.self_attn.final_linear.weight | Frozen: False
Layer: encoder.transformer.8.self_attn.final_linear.bias | Frozen: False
Layer: encoder.transformer.8.feed_forward.linear_1.weight | Frozen: False
Layer: encoder.transformer.8.feed_forward.linear_1.bias | Frozen: False
Layer: encoder.transformer.8.feed_forward.linear_2.weight | Frozen: False
Layer: encoder.transformer.8.feed_forward.linear_2.bias | Frozen: False
Layer: encoder.transformer.8.layer_norm_1.gamma | Frozen: False
Layer: encoder.transformer.8.layer_norm_1.beta | Frozen: False
Layer: encoder.transformer.8.layer_norm_2.gamma | Frozen: False
Layer: encoder.transformer.8.layer_norm_2.beta | Frozen: False
Layer: encoder.transformer.9.self_attn.linear_layers.0.weight | Frozen: False
Layer: encoder.transformer.9.self_attn.linear_layers.0.bias | Frozen: False
Layer: encoder.transformer.9.self_attn.linear_layers.1.weight | Frozen: False
Layer: encoder.transformer.9.self_attn.linear_layers.1.bias | Frozen: False
Layer: encoder.transformer.9.self_attn.linear_layers.2.weight | Frozen: False
Layer: encoder.transformer.9.self_attn.linear_layers.2.bias | Frozen: False
Layer: encoder.transformer.9.self_attn.final_linear.weight | Frozen: False
Layer: encoder.transformer.9.self_attn.final_linear.bias | Frozen: False
Layer: encoder.transformer.9.feed_forward.linear_1.weight | Frozen: False
Layer: encoder.transformer.9.feed_forward.linear_1.bias | Frozen: False
Layer: encoder.transformer.9.feed_forward.linear_2.weight | Frozen: False
Layer: encoder.transformer.9.feed_forward.linear_2.bias | Frozen: False
Layer: encoder.transformer.9.layer_norm_1.gamma | Frozen: False
Layer: encoder.transformer.9.layer_norm_1.beta | Frozen: False
Layer: encoder.transformer.9.layer_norm_2.gamma | Frozen: False
Layer: encoder.transformer.9.layer_norm_2.beta | Frozen: False
Layer: encoder.transformer.10.self_attn.linear_layers.0.weight | Frozen: False
Layer: encoder.transformer.10.self_attn.linear_layers.0.bias | Frozen: False
Layer: encoder.transformer.10.self_attn.linear_layers.1.weight | Frozen: False
Layer: encoder.transformer.10.self_attn.linear_layers.1.bias | Frozen: False
Layer: encoder.transformer.10.self_attn.linear_layers.2.weight | Frozen: False
Layer: encoder.transformer.10.self_attn.linear_layers.2.bias | Frozen: False
Layer: encoder.transformer.10.self_attn.final_linear.weight | Frozen: False
Layer: encoder.transformer.10.self_attn.final_linear.bias | Frozen: False
Layer: encoder.transformer.10.feed_forward.linear_1.weight | Frozen: False
Layer: encoder.transformer.10.feed_forward.linear_1.bias | Frozen: False
Layer: encoder.transformer.10.feed_forward.linear_2.weight | Frozen: False
Layer: encoder.transformer.10.feed_forward.linear_2.bias | Frozen: False
Layer: encoder.transformer.10.layer_norm_1.gamma | Frozen: False
Layer: encoder.transformer.10.layer_norm_1.beta | Frozen: False
Layer: encoder.transformer.10.layer_norm_2.gamma | Frozen: False
Layer: encoder.transformer.10.layer_norm_2.beta | Frozen: False
Layer: encoder.transformer.11.self_attn.linear_layers.0.weight | Frozen: False
Layer: encoder.transformer.11.self_attn.linear_layers.0.bias | Frozen: False
Layer: encoder.transformer.11.self_attn.linear_layers.1.weight | Frozen: False
Layer: encoder.transformer.11.self_attn.linear_layers.1.bias | Frozen: False
Layer: encoder.transformer.11.self_attn.linear_layers.2.weight | Frozen: False
Layer: encoder.transformer.11.self_attn.linear_layers.2.bias | Frozen: False
Layer: encoder.transformer.11.self_attn.final_linear.weight | Frozen: False
Layer: encoder.transformer.11.self_attn.final_linear.bias | Frozen: False
Layer: encoder.transformer.11.feed_forward.linear_1.weight | Frozen: False
Layer: encoder.transformer.11.feed_forward.linear_1.bias | Frozen: False
Layer: encoder.transformer.11.feed_forward.linear_2.weight | Frozen: False
Layer: encoder.transformer.11.feed_forward.linear_2.bias | Frozen: False
Layer: encoder.transformer.11.layer_norm_1.gamma | Frozen: False
Layer: encoder.transformer.11.layer_norm_1.beta | Frozen: False
Layer: encoder.transformer.11.layer_norm_2.gamma | Frozen: False
Layer: encoder.transformer.11.layer_norm_2.beta | Frozen: False
Layer: output_layer_1.weight | Frozen: False
Layer: output_layer_1.bias | Frozen: False
Layer: output_layer_2.weight | Frozen: False
Layer: output_layer_2.bias | Frozen: False
Batch size: 32
Training instances: 74452
Start training.
[Fold 2] Epoch 1 | Loss 1.5151
Acc. (Correct/Total): 0.8375 (31178/37226) 
Precision:  0.7311902046203613
Recall:  0.560396134853363
F1 Score: 0.5639
Inference time: 10.7238
[Fold 2] Epoch 2 | Loss 0.3048
Acc. (Correct/Total): 0.9592 (35709/37226) 
Precision:  0.9642777442932129
Recall:  0.8972305059432983
F1 Score: 0.9231
Inference time: 10.8059
[Fold 2] Epoch 3 | Loss 0.1327
Acc. (Correct/Total): 0.9639 (35883/37226) 
Precision:  0.9615364074707031
Recall:  0.9393160939216614
F1 Score: 0.9492
Inference time: 10.7448
[Fold 2] Epoch 4 | Loss 0.0891
Acc. (Correct/Total): 0.9696 (36095/37226) 
Precision:  0.9685930013656616
Recall:  0.9508622884750366
F1 Score: 0.9589
Inference time: 10.7809
[Fold 2] Epoch 5 | Loss 0.0692
Acc. (Correct/Total): 0.9699 (36104/37226) 
Precision:  0.9536236524581909
Recall:  0.9598361849784851
F1 Score: 0.9560
Inference time: 10.7687
[Fold 2] Epoch 6 | Loss 0.0542
Acc. (Correct/Total): 0.9695 (36091/37226) 
Precision:  0.9467199444770813
Recall:  0.9624587893486023
F1 Score: 0.9509
Inference time: 10.7418
[Fold 2] Epoch 7 | Loss 0.0439
Acc. (Correct/Total): 0.9726 (36205/37226) 
Precision:  0.9648486375808716
Recall:  0.9609525203704834
F1 Score: 0.9617
Inference time: 10.7982
[Fold 2] Epoch 8 | Loss 0.0348
Acc. (Correct/Total): 0.9723 (36194/37226) 
Precision:  0.9758991003036499
Recall:  0.9568511247634888
F1 Score: 0.9656
Inference time: 10.7385
[Fold 2] Epoch 9 | Loss 0.0277
Acc. (Correct/Total): 0.9729 (36219/37226) 
Precision:  0.9576102495193481
Recall:  0.9595364332199097
F1 Score: 0.9571
Inference time: 10.7456
[Fold 2] Epoch 10 | Loss 0.0219
Acc. (Correct/Total): 0.9725 (36204/37226) 
Precision:  0.9751896858215332
Recall:  0.9499753713607788
F1 Score: 0.9612
Inference time: 10.7562
[Fold 2] Epoch 11 | Loss 0.0144
Acc. (Correct/Total): 0.9753 (36307/37226) 
Precision:  0.9735115766525269
Recall:  0.965003490447998
F1 Score: 0.9691
Inference time: 10.7676
[Fold 2] Epoch 12 | Loss 0.0121
Acc. (Correct/Total): 0.9750 (36294/37226) 
Precision:  0.9739583134651184
Recall:  0.9645236730575562
F1 Score: 0.9690
Inference time: 10.7006
[Fold 2] Epoch 13 | Loss 0.0097
Acc. (Correct/Total): 0.9754 (36310/37226) 
Precision:  0.9761784076690674
Recall:  0.9647024869918823
F1 Score: 0.9703
Inference time: 10.7492
[Fold 2] Epoch 14 | Loss 0.0079
Acc. (Correct/Total): 0.9740 (36259/37226) 
Precision:  0.9718368053436279
Recall:  0.9649867415428162
F1 Score: 0.9681
Inference time: 10.7344
[Fold 2] Epoch 15 | Loss 0.0060
Acc. (Correct/Total): 0.9721 (36186/37226) 
Precision:  0.9696017503738403
Recall:  0.9574023485183716
F1 Score: 0.9626
Inference time: 10.7525
[Fold 2] Epoch 16 | Loss 0.0050
Acc. (Correct/Total): 0.9749 (36290/37226) 
Precision:  0.9740681648254395
Recall:  0.9659643173217773
F1 Score: 0.9699
Inference time: 10.7093
[Fold 2] Epoch 17 | Loss 0.0039
Acc. (Correct/Total): 0.9744 (36272/37226) 
Precision:  0.970345675945282
Recall:  0.9684579372406006
F1 Score: 0.9693
Inference time: 10.7373
[Fold 2] Epoch 18 | Loss 0.0039
Acc. (Correct/Total): 0.9742 (36264/37226) 
Precision:  0.9697030782699585
Recall:  0.9699305891990662
F1 Score: 0.9694
Inference time: 10.7829
[Fold 2] Epoch 19 | Loss 0.0035
Acc. (Correct/Total): 0.9749 (36293/37226) 
Precision:  0.9708393216133118
Recall:  0.9649976491928101
F1 Score: 0.9677
Inference time: 10.7705
[Fold 2] Epoch 20 | Loss 0.0028
Acc. (Correct/Total): 0.9741 (36260/37226) 
Precision:  0.9753968119621277
Recall:  0.9650976657867432
F1 Score: 0.9700
Inference time: 10.7136
[Fold 2] Epoch 21 | Loss 0.0021
Acc. (Correct/Total): 0.9745 (36278/37226) 
Precision:  0.9731337428092957
Recall:  0.9650024771690369
F1 Score: 0.9689
Inference time: 10.7588
[Fold 2] Epoch 22 | Loss 0.0018
Acc. (Correct/Total): 0.9731 (36223/37226) 
Precision:  0.9752533435821533
Recall:  0.9611623883247375
F1 Score: 0.9678
Inference time: 10.7209
[Fold 2] Epoch 23 | Loss 0.0018
Acc. (Correct/Total): 0.9747 (36283/37226) 
Precision:  0.968888521194458
Recall:  0.9681740999221802
F1 Score: 0.9684
Inference time: 10.7360
[Fold 2] Epoch 24 | Loss 0.0014
Acc. (Correct/Total): 0.9752 (36303/37226) 
Precision:  0.9729135036468506
Recall:  0.9673402309417725
F1 Score: 0.9701
Inference time: 10.7748
[Fold 2] Epoch 25 | Loss 0.0013
Acc. (Correct/Total): 0.9753 (36307/37226) 
Precision:  0.976494550704956
Recall:  0.9657348990440369
F1 Score: 0.9709
Inference time: 10.7128
[Fold 2] Epoch 26 | Loss 0.0010
Acc. (Correct/Total): 0.9745 (36277/37226) 
Precision:  0.9699382781982422
Recall:  0.9676201939582825
F1 Score: 0.9686
Inference time: 10.7674
[Fold 2] Epoch 27 | Loss 0.0012
Acc. (Correct/Total): 0.9747 (36286/37226) 
Precision:  0.9720537662506104
Recall:  0.9672150611877441
F1 Score: 0.9695
Inference time: 10.7728
[Fold 2] Epoch 28 | Loss 0.0008
Acc. (Correct/Total): 0.9751 (36300/37226) 
Precision:  0.9718155860900879
Recall:  0.9680336713790894
F1 Score: 0.9698
Inference time: 10.7033
[Fold 2] Epoch 29 | Loss 0.0008
Acc. (Correct/Total): 0.9755 (36313/37226) 
Precision:  0.9728579521179199
Recall:  0.9676904678344727
F1 Score: 0.9702
Inference time: 10.7188
[Fold 2] Epoch 30 | Loss 0.0007
Acc. (Correct/Total): 0.9757 (36320/37226) 
Precision:  0.9729543924331665
Recall:  0.9678122401237488
F1 Score: 0.9703
Inference time: 10.7425

[Fold 2] Test evaluation
Acc. (Correct/Total): 0.4624 (18800/40656) 
Precision:  0.5528439879417419
Recall:  0.462416410446167
F1 Score: 0.4554
Inference time: 11.7633

==============================
3-Fold Cross Validation Result
==============================
Accuracy : 0.4705  0.0062
Precision: 0.5419
Recall   : 0.4705
F1-score : 0.4555
